 Reaction constants from JNB routine, in JC-D form:


 Reaction: H1 + H1
 A  =  3.93678E-15
 q1 =  1.23100E-01
 q2 =  1.07900E+00
 q3 =  9.30400E-01
 q4 =  0.00000E+00
 q5 =  0.00000E+00
 q6 =  3.37960E+00

 Reaction: He3 + He3
 A  =  5.42084E+10
 q1 =  3.39000E-02
 q2 = -6.16000E-02
 q3 = -1.46400E-02
 q4 =  0.00000E+00
 q5 =  0.00000E+00
 q6 =  1.22720E+01

 Reaction: He3 + He4
 A  =  5.53004E+06
 q1 =  3.26000E-02
 q2 = -2.11500E-01
 q3 = -4.80900E-02
 q4 =  0.00000E+00
 q5 =  0.00000E+00
 q6 =  1.28220E+01

 Reaction: Be7 + H
 A  =  2.90463E+05
 q1 =  4.05650E-02
 q2 = -3.64000E-01
 q3 = -1.03400E-01
 q4 =  0.00000E+00
 q5 =  0.00000E+00
 q6 =  1.02620E+01

 Reaction: C12 + H
 A  =  2.11426E+07
 q1 =  3.04000E-02
 q2 =  6.64500E-01
 q3 =  1.41550E-01
 q4 =  3.62700E+00
 q5 =  1.96470E+00
 q6 =  1.36869E+01

 Reaction: C13 + H
 A  =  8.00371E+07
 q1 =  3.03000E-02
 q2 =  9.60100E-01
 q3 =  2.04100E-01
 q4 =  1.39400E+00
 q5 =  7.53000E-01
 q6 =  1.37142E+01

 Reaction: N14 + H
 A  =  5.07728E+07
 q1 =  2.74000E-02
 q2 = -7.78800E-01
 q3 = -1.49100E-01
 q4 =  2.61200E-01
 q5 =  1.27170E-01
 q6 =  1.52247E+01

 Reaction: O16 + H
 A  =  1.49883E+08
 q1 =  2.49400E-02
 q2 = -1.17300E+00
 q3 = -2.05000E-01
 q4 =  7.34000E-01
 q5 =  3.26100E-01
 q6 =  1.66888E+01


 Reaction constants from JCD routine:


 Reaction: H1 + H1
 A  =  3.94810E-15
 q1 =  1.23200E-01
 q2 =  1.08760E+00
 q3 =  9.38100E-01
 q4 =  0.00000E+00
 q5 =  0.00000E+00
 q6 =  3.38160E+00

 Reaction: He3 + He3
 A  =  5.65050E+10
 q1 =  3.39000E-02
 q2 = -3.31700E-01
 q3 = -7.88000E-02
 q4 =  2.62700E-01
 q5 =  1.58700E-01
 q6 =  1.22793E+01

 Reaction: He3 + He4
 A  =  5.81290E+06
 q1 =  3.25000E-02
 q2 = -2.36900E-01
 q3 = -5.39000E-02
 q4 =  1.83000E-02
 q5 =  1.06000E-02
 q6 =  1.28297E+01

 Reaction: Be7 + H
 A  =  1.61892E+05
 q1 =  4.06000E-02
 q2 = -4.39500E-01
 q3 = -1.24900E-01
 q4 =  4.80800E-01
 q5 =  3.47300E-01
 q6 =  1.02661E+01

 Reaction: C12 + H
 A  =  1.95460E+07
 q1 =  3.04000E-02
 q2 =  7.63300E-01
 q3 =  1.62600E-01
 q4 =  4.79240E+00
 q5 =  2.59540E+00
 q6 =  1.36947E+01

 Reaction: C13 + H
 A  =  1.10640E+08
 q1 =  3.04000E-02
 q2 = -4.06100E-01
 q3 = -8.63000E-02
 q4 =  7.45130E+00
 q5 =  4.02730E+00
 q6 =  1.37221E+01

 Reaction: N14 + H
 A  =  2.53960E+07
 q1 =  2.74000E-02
 q2 = -8.69900E-01
 q3 = -1.66500E-01
 q4 =  2.53760E+00
 q5 =  1.23540E+00
 q6 =  1.52335E+01

 Reaction: O16 + H
 A  =  1.69080E+08
 q1 =  2.50000E-02
 q2 = -2.44350E+00
 q3 = -4.26800E-01
 q4 =  0.00000E+00
 q5 =  0.00000E+00
 q6 =  1.66984E+01
